#
# There is insufficient memory for the Java Runtime Environment to continue.
# Native memory allocation (mmap) failed to map 134217728 bytes. Error detail: G1 virtual space
# Possible reasons:
#   The system is out of physical RAM or swap space
#   This process is running with CompressedOops enabled, and the Java Heap may be blocking the growth of the native heap
# Possible solutions:
#   Reduce memory load on the system
#   Increase physical memory or swap space
#   Check if swap backing store is full
#   Decrease Java heap size (-Xmx/-Xms)
#   Decrease number of Java threads
#   Decrease Java thread stack sizes (-Xss)
#   Set larger code cache with -XX:ReservedCodeCacheSize=
#   JVM is running with Unscaled Compressed Oops mode in which the Java heap is
#     placed in the first 4GB address space. The Java Heap base address is the
#     maximum limit for the native heap growth. Please use -XX:HeapBaseMinAddress
#     to set the Java Heap base and to place the Java Heap above 4GB virtual address.
# This output file may be truncated or incomplete.
#
#  Out of Memory Error (os_windows.cpp:3828), pid=17004, tid=25260
#
# JRE version:  (21.0.4) (build )
# Java VM: OpenJDK 64-Bit Server VM (21.0.4+-12508038-b607.1, mixed mode, sharing, tiered, compressed oops, compressed class ptrs, g1 gc, windows-amd64)
# No core dump will be written. Minidumps are not enabled by default on client versions of Windows
#

---------------  S U M M A R Y ------------

Command Line: org.jetbrains.kotlin.cli.jvm.K2JVMCompiler @D:\Kuliah\Teknologi-Informasi\SEMESTER-4\Praktikum-Pemrograman-Mobile\Praktikum-Pemrograman-Mobile\Praktikum-3\Compose\app\build\20250507_11011622509454629334.compiler.options

Host: Intel(R) Core(TM) i5-8250U CPU @ 1.60GHz, 8 cores, 7G,  Windows 10 , 64 bit Build 19041 (10.0.19041.5678)
Time: Wed May  7 21:09:06 2025 Malay Peninsula Standard Time elapsed time: 0.042477 seconds (0d 0h 0m 0s)

---------------  T H R E A D  ---------------

Current thread (0x000001ce0472c220):  JavaThread "Unknown thread" [_thread_in_vm, id=25260, stack(0x0000000100600000,0x0000000100700000) (1024K)]

Stack: [0x0000000100600000,0x0000000100700000]
Native frames: (J=compiled Java code, j=interpreted, Vv=VM code, C=native code)
V  [jvm.dll+0x6ce539]
V  [jvm.dll+0x85bf03]
V  [jvm.dll+0x85e45e]
V  [jvm.dll+0x85eb43]
V  [jvm.dll+0x27dd06]
V  [jvm.dll+0x6cada5]
V  [jvm.dll+0x6bf27a]
V  [jvm.dll+0x3541fb]
V  [jvm.dll+0x35be36]
V  [jvm.dll+0x3adbc6]
V  [jvm.dll+0x3ade98]
V  [jvm.dll+0x32691c]
V  [jvm.dll+0x32760b]
V  [jvm.dll+0x823959]
V  [jvm.dll+0x3bacf8]
V  [jvm.dll+0x80cd58]
V  [jvm.dll+0x44ef2e]
V  [jvm.dll+0x450691]
C  [jli.dll+0x52ab]
C  [ucrtbase.dll+0x21bb2]
C  [KERNEL32.DLL+0x17374]
C  [ntdll.dll+0x4cc91]


---------------  P R O C E S S  ---------------

Threads class SMR info:
_java_thread_list=0x00007ffc24f7a808, length=0, elements={
}

Java Threads: ( => current thread )
Total: 0

Other Threads:
  0x000001ce06980230 WorkerThread "GC Thread#0"                     [id=29440, stack(0x0000000100700000,0x0000000100800000) (1024K)]
  0x000001ce06991040 ConcurrentGCThread "G1 Main Marker"            [id=28916, stack(0x0000000100800000,0x0000000100900000) (1024K)]
  0x000001ce06992350 WorkerThread "G1 Conc#0"                       [id=17448, stack(0x0000000100900000,0x0000000100a00000) (1024K)]

[error occurred during error reporting (printing all threads), id 0xc0000005, EXCEPTION_ACCESS_VIOLATION (0xc0000005) at pc=0x00007ffc24779957]
VM state: not at safepoint (not fully initialized)

VM Mutex/Monitor currently owned by a thread:  ([mutex/lock_event])
[0x00007ffc24fe73f8] Heap_lock - owner thread: 0x000001ce0472c220

Heap address: 0x0000000081a00000, size: 2022 MB, Compressed Oops mode: 32-bit

CDS archive(s) mapped at: [0x0000000000000000-0x0000000000000000-0x0000000000000000), size 0, SharedBaseAddress: 0x0000000800000000, ArchiveRelocationMode: 1.
Narrow klass base: 0x0000000000000000, Narrow klass shift: 0, Narrow klass range: 0x0

GC Precious Log:
 CardTable entry size: 512
 Card Set container configuration: InlinePtr #cards 5 size 8 Array Of Cards #cards 12 size 40 Howl #buckets 4 coarsen threshold 1843 Howl Bitmap #cards 512 size 80 coarsen threshold 460 Card regions per heap region 1 cards per card region 2048

Heap:
 garbage-first heap   total 0K, used 0K [0x0000000081a00000, 0x0000000100000000)
  region size 1024K, 0 young (0K), 0 survivors (0K)
 Metaspace       used 0K, committed 0K, reserved 0K
  class space    used 0K, committed 0K, reserved 0K

Heap Regions: E=young(eden), S=young(survivor), O=old, HS=humongous(starts), HC=humongous(continues), CS=collection set, F=free, TAMS=top-at-mark-start, PB=parsable bottom

Card table byte_map: [0x000001ce191c0000,0x000001ce195c0000] _byte_map_base: 0x000001ce18db3000

Marking Bits: (CMBitMap*) 0x000001ce06980930
 Bits: [0x000001ce195c0000, 0x000001ce1b558000)

GC Heap History (0 events):
No events

Dll operation events (1 events):
Event: 0.022 Loaded shared library C:\Program Files\Android\Android Studio\jbr\bin\java.dll

Deoptimization events (0 events):
No events

Classes loaded (0 events):
No events

Classes unloaded (0 events):
No events

Classes redefined (0 events):
No events

Internal exceptions (0 events):
No events

ZGC Phase Switch (0 events):
No events

VM Operations (0 events):
No events

Memory protections (0 events):
No events

Nmethod flushes (0 events):
No events

Events (0 events):
No events


Dynamic libraries:
0x00007ff7767a0000 - 0x00007ff7767aa000 	C:\Program Files\Android\Android Studio\jbr\bin\java.exe
0x00007ffc849b0000 - 0x00007ffc84ba8000 	C:\Windows\SYSTEM32\ntdll.dll
0x00007ffc82f10000 - 0x00007ffc82fd2000 	C:\Windows\System32\KERNEL32.DLL
0x00007ffc82040000 - 0x00007ffc82336000 	C:\Windows\System32\KERNELBASE.dll
0x00007ffc824f0000 - 0x00007ffc825f0000 	C:\Windows\System32\ucrtbase.dll
0x00007ffc5bdf0000 - 0x00007ffc5be08000 	C:\Program Files\Android\Android Studio\jbr\bin\jli.dll
0x00007ffc75d10000 - 0x00007ffc75d2b000 	C:\Program Files\Android\Android Studio\jbr\bin\VCRUNTIME140.dll
0x00007ffc82b60000 - 0x00007ffc82cfd000 	C:\Windows\System32\USER32.dll
0x00007ffc82340000 - 0x00007ffc82362000 	C:\Windows\System32\win32u.dll
0x00007ffc69ef0000 - 0x00007ffc6a18a000 	C:\Windows\WinSxS\amd64_microsoft.windows.common-controls_6595b64144ccf1df_6.0.19041.4355_none_60b8b9eb71f62e16\COMCTL32.dll
0x00007ffc84500000 - 0x00007ffc8452b000 	C:\Windows\System32\GDI32.dll
0x00007ffc84670000 - 0x00007ffc8470e000 	C:\Windows\System32\msvcrt.dll
0x00007ffc827e0000 - 0x00007ffc828fa000 	C:\Windows\System32\gdi32full.dll
0x00007ffc82450000 - 0x00007ffc824ed000 	C:\Windows\System32\msvcp_win.dll
0x00007ffc82fe0000 - 0x00007ffc8300f000 	C:\Windows\System32\IMM32.DLL
0x00007ffc7eb50000 - 0x00007ffc7eb5c000 	C:\Program Files\Android\Android Studio\jbr\bin\vcruntime140_1.dll
0x00007ffc300e0000 - 0x00007ffc3016d000 	C:\Program Files\Android\Android Studio\jbr\bin\msvcp140.dll
0x00007ffc24440000 - 0x00007ffc250c3000 	C:\Program Files\Android\Android Studio\jbr\bin\server\jvm.dll
0x00007ffc83af0000 - 0x00007ffc83b9f000 	C:\Windows\System32\ADVAPI32.dll
0x00007ffc82e10000 - 0x00007ffc82eaf000 	C:\Windows\System32\sechost.dll
0x00007ffc84840000 - 0x00007ffc84963000 	C:\Windows\System32\RPCRT4.dll
0x00007ffc82370000 - 0x00007ffc82397000 	C:\Windows\System32\bcrypt.dll
0x00007ffc839d0000 - 0x00007ffc83a3b000 	C:\Windows\System32\WS2_32.dll
0x00007ffc815d0000 - 0x00007ffc8161b000 	C:\Windows\SYSTEM32\POWRPROF.dll
0x00007ffc691b0000 - 0x00007ffc691d7000 	C:\Windows\SYSTEM32\WINMM.dll
0x00007ffc7da20000 - 0x00007ffc7da2a000 	C:\Windows\SYSTEM32\VERSION.dll
0x00007ffc81440000 - 0x00007ffc81452000 	C:\Windows\SYSTEM32\UMPDC.dll
0x00007ffc80890000 - 0x00007ffc808a2000 	C:\Windows\SYSTEM32\kernel.appcore.dll
0x00007ffc7e4a0000 - 0x00007ffc7e4aa000 	C:\Program Files\Android\Android Studio\jbr\bin\jimage.dll
0x00007ffc7fe90000 - 0x00007ffc80074000 	C:\Windows\SYSTEM32\DBGHELP.DLL
0x00007ffc5c5a0000 - 0x00007ffc5c5d4000 	C:\Windows\SYSTEM32\dbgcore.DLL
0x00007ffc825f0000 - 0x00007ffc82672000 	C:\Windows\System32\bcryptPrimitives.dll
0x00007ffc75cf0000 - 0x00007ffc75d10000 	C:\Program Files\Android\Android Studio\jbr\bin\java.dll

dbghelp: loaded successfully - version: 4.0.5 - missing functions: none
symbol engine: initialized successfully - sym options: 0x614 - pdb path: .;C:\Program Files\Android\Android Studio\jbr\bin;C:\Windows\SYSTEM32;C:\Windows\WinSxS\amd64_microsoft.windows.common-controls_6595b64144ccf1df_6.0.19041.4355_none_60b8b9eb71f62e16;C:\Program Files\Android\Android Studio\jbr\bin\server

VM Arguments:
java_command: org.jetbrains.kotlin.cli.jvm.K2JVMCompiler @D:\Kuliah\Teknologi-Informasi\SEMESTER-4\Praktikum-Pemrograman-Mobile\Praktikum-Pemrograman-Mobile\Praktikum-3\Compose\app\build\20250507_11011622509454629334.compiler.options
java_class_path (initial): C:\Users\USER\.gradle\caches\modules-2\files-2.1\org.jetbrains.kotlin\kotlin-compiler-embeddable\2.0.0\1de310de3446414381282ffc46c3ed3919a4d1da\kotlin-compiler-embeddable-2.0.0.jar;C:\Users\USER\.gradle\caches\modules-2\files-2.1\org.jetbrains.kotlin\kotlin-stdlib\2.0.0\b48df2c4aede9586cc931ead433bc02d6fd7879e\kotlin-stdlib-2.0.0.jar;C:\Users\USER\.gradle\caches\modules-2\files-2.1\org.jetbrains.kotlin\kotlin-script-runtime\2.0.0\fdc27dd047d592fa41d2dfa21e7621287a361612\kotlin-script-runtime-2.0.0.jar;C:\Users\USER\.gradle\caches\modules-2\files-2.1\org.jetbrains.kotlin\kotlin-reflect\1.6.10\1cbe9c92c12a94eea200d23c2bbaedaf3daf5132\kotlin-reflect-1.6.10.jar;C:\Users\USER\.gradle\caches\modules-2\files-2.1\org.jetbrains.kotlin\kotlin-daemon-embeddable\2.0.0\b39c612768614c4428c96ee9c65477181fffe9d\kotlin-daemon-embeddable-2.0.0.jar;C:\Users\USER\.gradle\caches\modules-2\files-2.1\org.jetbrains.intellij.deps\trove4j\1.0.20200330\3afb14d5f9ceb459d724e907a21145e8ff394f02\trove4j-1.0.20200330.jar;C:\Users\USER\.gradle\caches\modules-2\files-2.1\org.jetbrains\annotations\13.0\919f0dfe192fb4e063e7dacadee7f8bb9a2672a9\annotations-13.0.jar
Launcher Type: SUN_STANDARD

[Global flags]
     intx CICompilerCount                          = 4                                         {product} {ergonomic}
     uint ConcGCThreads                            = 2                                         {product} {ergonomic}
     uint G1ConcRefinementThreads                  = 8                                         {product} {ergonomic}
   size_t G1HeapRegionSize                         = 1048576                                   {product} {ergonomic}
    uintx GCDrainStackTargetSize                   = 64                                        {product} {ergonomic}
   size_t InitialHeapSize                          = 134217728                                 {product} {ergonomic}
   size_t MarkStackSize                            = 4194304                                   {product} {ergonomic}
   size_t MaxHeapSize                              = 2120220672                                {product} {ergonomic}
   size_t MinHeapDeltaBytes                        = 1048576                                   {product} {ergonomic}
   size_t MinHeapSize                              = 8388608                                   {product} {ergonomic}
    uintx NonNMethodCodeHeapSize                   = 5839372                                {pd product} {ergonomic}
    uintx NonProfiledCodeHeapSize                  = 122909434                              {pd product} {ergonomic}
    uintx ProfiledCodeHeapSize                     = 122909434                              {pd product} {ergonomic}
    uintx ReservedCodeCacheSize                    = 251658240                              {pd product} {ergonomic}
     bool SegmentedCodeCache                       = true                                      {product} {ergonomic}
   size_t SoftMaxHeapSize                          = 2120220672                             {manageable} {ergonomic}
     bool UseCompressedOops                        = true                           {product lp64_product} {ergonomic}
     bool UseG1GC                                  = true                                      {product} {ergonomic}
     bool UseLargePagesIndividualAllocation        = false                                  {pd product} {ergonomic}

Logging:
Log output configuration:
 #0: stdout all=warning uptime,level,tags foldmultilines=false
 #1: stderr all=off uptime,level,tags foldmultilines=false

Environment Variables:
JAVA_HOME=C:\Program Files\Java;C:\Program Files\Java\jdk-23;C:\Program Files\Java\jdk-23\bin
PATH=C:\Program Files\Common Files\Oracle\Java\javapath;C:\Program Files (x86)\Common Files\Oracle\Java\javapath;C:\Windows\system32;C:\Windows;C:\Windows\System32\Wbem;C:\Windows\System32\WindowsPowerShell\v1.0\;C:\Windows\System32\OpenSSH\;C:\Program Files\dotnet\;C:\Program Files\Git\cmd;C:\laragon\bin\php\php-8.1.10-Win32-vs16-x64;C:\composer;C:\Users\USER\AppData\Local\Programs\Python\Python313\Scripts\;C:\Users\USER\AppData\Local\Programs\Python\Python313\;C:\Users\USER\AppData\Local\Programs\Python\Launcher\;C:\Users\USER\AppData\Local\Microsoft\WindowsApps;C:\Users\USER\AppData\Local\Programs\Microsoft VS Code\bin;C:\msys64\ucrt64\bin;C:\Users\USER\AppData\Local\Muse Hub\lib;C:\Users\USER\AppData\Roaming\Composer\vendor\bin
USERNAME=Nexus
OS=Windows_NT
PROCESSOR_IDENTIFIER=Intel64 Family 6 Model 142 Stepping 10, GenuineIntel
TMP=C:\Users\USER\AppData\Local\Temp
TEMP=C:\Users\USER\AppData\Local\Temp




Periodic native trim disabled

JNI global refs:
JNI global refs: 0, weak refs: 0

JNI global refs memory usage: 0, weak refs: 0

Process memory usage:
Resident Set Size: 11216K (0% of 8280592K total physical memory with 608040K free physical memory)

OOME stack traces (most recent first):
Classloader memory used:

---------------  S Y S T E M  ---------------

OS:
 Windows 10 , 64 bit Build 19041 (10.0.19041.5678)
OS uptime: 12 days 4:43 hours

CPU: total 8 (initial active 8) (4 cores per cpu, 2 threads per core) family 6 model 142 stepping 10 microcode 0xf0, cx8, cmov, fxsr, ht, mmx, 3dnowpref, sse, sse2, sse3, ssse3, sse4.1, sse4.2, popcnt, lzcnt, tsc, tscinvbit, avx, avx2, aes, erms, clmul, bmi1, bmi2, adx, fma, vzeroupper, clflush, clflushopt, rdtscp, f16c
Processor Information for processor 0
  Max Mhz: 1800, Current Mhz: 1400, Mhz Limit: 1584
Processor Information for processor 1
  Max Mhz: 1800, Current Mhz: 1400, Mhz Limit: 1584
Processor Information for processor 2
  Max Mhz: 1800, Current Mhz: 1400, Mhz Limit: 1584
Processor Information for processor 3
  Max Mhz: 1800, Current Mhz: 1600, Mhz Limit: 1584
Processor Information for processor 4
  Max Mhz: 1800, Current Mhz: 1400, Mhz Limit: 1584
Processor Information for processor 5
  Max Mhz: 1800, Current Mhz: 1400, Mhz Limit: 1584
Processor Information for processor 6
  Max Mhz: 1800, Current Mhz: 1400, Mhz Limit: 1584
Processor Information for processor 7
  Max Mhz: 1800, Current Mhz: 1400, Mhz Limit: 1584

Memory: 4k page, system-wide physical 8086M (593M free)
TotalPageFile size 23003M (AvailPageFile size 98M)
current process WorkingSet (physical memory assigned to process): 10M, peak: 10M
current process commit charge ("private bytes"): 60M, peak: 188M

vm_info: OpenJDK 64-Bit Server VM (21.0.4+-12508038-b607.1) for windows-amd64 JRE (21.0.4+-12508038-b607.1), built on 2024-10-16T17:23:34Z by "builder" with MS VC++ 16.10 / 16.11 (VS2019)

END.
